<?xml version="1.0" encoding="UTF-8"?>
<!-- Generated by org.testng.reporters.JUnitReportReporter -->
<testsuite hostname="sys" name="day23.Links" tests="1" failures="0" timestamp="18 Jun 2015 02:45:46 GMT" time="38.979" errors="0">
  <testcase name="linksTest" time="38.979" classname="day23.Links"/>
</testsuite> <!-- day23.Links -->
