<?xml version="1.0" encoding="UTF-8"?>
<!-- Generated by org.testng.reporters.JUnitReportReporter -->
<testsuite hostname="sys" name="day13.MultipleWindows1" tests="1" failures="0" timestamp="4 Jun 2015 03:16:40 GMT" time="66.011" errors="0">
  <testcase name="mutipleWindowsTest" time="66.011" classname="day13.MultipleWindows1"/>
</testsuite> <!-- day13.MultipleWindows1 -->
