<?xml version="1.0" encoding="UTF-8"?>
<!-- Generated by org.testng.reporters.JUnitReportReporter -->
<testsuite hostname="sys" name="day24.LinksonGrid" tests="2" failures="0" timestamp="20 Jun 2015 03:44:18 GMT" time="106.658" errors="0">
  <testcase name="linkTest" time="44.505" classname="day24.LinksonGrid"/>
  <testcase name="linkTest" time="62.153" classname="day24.LinksonGrid"/>
</testsuite> <!-- day24.LinksonGrid -->
