<?xml version="1.0" encoding="UTF-8"?>
<!-- Generated by org.testng.reporters.JUnitReportReporter -->
<testsuite hostname="sys" name="day26.DBTesting1" tests="1" failures="0" timestamp="22 Jun 2015 02:59:42 GMT" time="0.325" errors="0">
  <testcase name="dBTest" time="0.325" classname="day26.DBTesting1"/>
</testsuite> <!-- day26.DBTesting1 -->
