<?xml version="1.0" encoding="UTF-8"?>
<!-- Generated by org.testng.reporters.JUnitReportReporter -->
<testsuite hostname="sys" name="day19.AjaxTesting" tests="1" failures="0" timestamp="12 Jun 2015 02:36:26 GMT" time="11.641" errors="0">
  <testcase name="ajaxtest" time="11.641" classname="day19.AjaxTesting"/>
</testsuite> <!-- day19.AjaxTesting -->
