<?xml version="1.0" encoding="UTF-8"?>
<!-- Generated by org.testng.reporters.JUnitReportReporter -->
<testsuite hostname="sys" name="day10.RifhtClick" tests="1" failures="0" timestamp="1 Jun 2015 02:52:34 GMT" time="10.216" errors="0">
  <testcase name="rightClickTest" time="10.216" classname="day10.RifhtClick"/>
</testsuite> <!-- day10.RifhtClick -->
