<?xml version="1.0" encoding="UTF-8"?>
<!-- Generated by org.testng.reporters.JUnitReportReporter -->
<testsuite hostname="sys" name="day20.ExcelWebtable" tests="1" failures="0" timestamp="13 Jun 2015 04:28:34 GMT" time="39.934" errors="0">
  <testcase name="webtableTest" time="39.934" classname="day20.ExcelWebtable"/>
</testsuite> <!-- day20.ExcelWebtable -->
