<?xml version="1.0" encoding="UTF-8"?>
<!-- Generated by org.testng.reporters.JUnitReportReporter -->
<testsuite hostname="sys" name="day12.ElementPresence" tests="1" failures="0" timestamp="3 Jun 2015 03:25:03 GMT" time="12.408" errors="0">
  <testcase name="elementTest" time="12.408" classname="day12.ElementPresence"/>
</testsuite> <!-- day12.ElementPresence -->
