<?xml version="1.0" encoding="UTF-8"?>
<!-- Generated by org.testng.reporters.JUnitReportReporter -->
<testsuite hostname="sys" name="day25.Login_DataProvider" tests="2" failures="0" timestamp="21 Jun 2015 04:07:32 GMT" time="41.893" errors="0">
  <testcase name="loginTest" time="17.442" classname="day25.Login_DataProvider"/>
  <testcase name="loginTest" time="24.451" classname="day25.Login_DataProvider"/>
</testsuite> <!-- day25.Login_DataProvider -->
