<?xml version="1.0" encoding="UTF-8"?>
<!-- Generated by org.testng.reporters.JUnitReportReporter -->
<testsuite hostname="sys" name="day27.PomControl1" tests="1" failures="0" timestamp="23 Jun 2015 03:01:28 GMT" time="9.944" errors="0">
  <testcase name="pomTest" time="9.944" classname="day27.PomControl1"/>
</testsuite> <!-- day27.PomControl1 -->
