<?xml version="1.0" encoding="UTF-8"?>
<!-- Generated by org.testng.reporters.JUnitReportReporter -->
<testsuite hostname="sys" name="day11.XpathCreation" tests="1" failures="0" timestamp="2 Jun 2015 03:28:58 GMT" time="10.197" errors="0">
  <testcase name="xpathTest" time="10.197" classname="day11.XpathCreation"/>
</testsuite> <!-- day11.XpathCreation -->
