<?xml version="1.0" encoding="UTF-8"?>
<!-- Generated by org.testng.reporters.JUnitReportReporter -->
<testsuite hostname="sys" name="day27.POMcontrol2" tests="1" failures="0" timestamp="24 Jun 2015 03:22:50 GMT" time="23.460" errors="0">
  <testcase name="DatadrivenTest" time="23.460" classname="day27.POMcontrol2"/>
</testsuite> <!-- day27.POMcontrol2 -->
