<?xml version="1.0" encoding="UTF-8"?>
<!-- Generated by org.testng.reporters.JUnitReportReporter -->
<testsuite hostname="sys" name="day25.FileDownloadAutoIt" tests="1" failures="0" timestamp="21 Jun 2015 05:13:57 GMT" time="16.529" errors="0">
  <testcase name="downloadTest" time="16.529" classname="day25.FileDownloadAutoIt"/>
</testsuite> <!-- day25.FileDownloadAutoIt -->
