<?xml version="1.0" encoding="UTF-8"?>
<!-- Generated by org.testng.reporters.JUnitReportReporter -->
<testsuite hostname="sys" name="day24.DatadrivenOnGrid" tests="2" failures="0" timestamp="20 Jun 2015 04:07:26 GMT" time="84.579" errors="0">
  <testcase name="linkTest" time="36.412" classname="day24.DatadrivenOnGrid"/>
  <testcase name="linkTest" time="48.167" classname="day24.DatadrivenOnGrid"/>
</testsuite> <!-- day24.DatadrivenOnGrid -->
