<?xml version="1.0" encoding="UTF-8"?>
<!-- Generated by org.testng.reporters.JUnitReportReporter -->
<testsuite hostname="sys" name="day21.DatadrivenTesting3" tests="1" failures="0" timestamp="16 Jun 2015 03:28:51 GMT" time="28.043" errors="0">
  <testcase name="datadrivenTest" time="28.043" classname="day21.DatadrivenTesting3"/>
</testsuite> <!-- day21.DatadrivenTesting3 -->
