<?xml version="1.0" encoding="UTF-8"?>
<!-- Generated by org.testng.reporters.JUnitReportReporter -->
<testsuite hostname="sys" name="day16.RadioButtonsTesting2" tests="1" failures="0" timestamp="9 Jun 2015 03:25:32 GMT" time="12.731" errors="0">
  <testcase name="radioButtonsTest" time="12.731" classname="day16.RadioButtonsTesting2"/>
</testsuite> <!-- day16.RadioButtonsTesting2 -->
