<?xml version="1.0" encoding="UTF-8"?>
<!-- Generated by org.testng.reporters.JUnitReportReporter -->
<testsuite hostname="sys" name="day12.XpathCreation" tests="1" failures="0" timestamp="3 Jun 2015 03:15:58 GMT" time="13.166" errors="0">
  <testcase name="xpathTest" time="13.166" classname="day12.XpathCreation"/>
</testsuite> <!-- day12.XpathCreation -->
