<?xml version="1.0" encoding="UTF-8"?>
<!-- Generated by org.testng.reporters.JUnitReportReporter -->
<testsuite hostname="sys" name="day12.InputFields2" tests="1" failures="0" timestamp="3 Jun 2015 02:40:31 GMT" time="11.424" errors="0">
  <testcase name="inputBoxTest" time="11.424" classname="day12.InputFields2"/>
</testsuite> <!-- day12.InputFields2 -->
