<?xml version="1.0" encoding="UTF-8"?>
<!-- Generated by org.testng.reporters.JUnitReportReporter -->
<testsuite hostname="sys" name="day22.LoginusingKeywords" tests="1" failures="0" timestamp="17 Jun 2015 03:09:23 GMT" time="15.860" errors="0">
  <testcase name="loginTest" time="15.860" classname="day22.LoginusingKeywords"/>
</testsuite> <!-- day22.LoginusingKeywords -->
