<?xml version="1.0" encoding="UTF-8"?>
<!-- Generated by org.testng.reporters.JUnitReportReporter -->
<testsuite hostname="sys" name="day24.GmailLogin_Grid" tests="1" failures="0" timestamp="20 Jun 2015 03:03:58 GMT" time="10.886" errors="0">
  <testcase name="loginTest" time="10.886" classname="day24.GmailLogin_Grid"/>
</testsuite> <!-- day24.GmailLogin_Grid -->
