<?xml version="1.0" encoding="UTF-8"?>
<!-- Generated by org.testng.reporters.JUnitReportReporter -->
<testsuite hostname="sys" name="day19.CheckBoxes1" tests="1" failures="0" timestamp="12 Jun 2015 02:53:02 GMT" time="9.159" errors="0">
  <testcase name="checkBoxestest" time="9.159" classname="day19.CheckBoxes1"/>
</testsuite> <!-- day19.CheckBoxes1 -->
