<?xml version="1.0" encoding="UTF-8"?>
<!-- Generated by org.testng.reporters.JUnitReportReporter -->
<testsuite hostname="sys" name="day14.Frames1" tests="1" failures="0" timestamp="6 Jun 2015 02:40:04 GMT" time="12.090" errors="0">
  <testcase name="framesTest" time="12.090" classname="day14.Frames1"/>
</testsuite> <!-- day14.Frames1 -->
