<?xml version="1.0" encoding="UTF-8"?>
<!-- Generated by org.testng.reporters.JUnitReportReporter -->
<testsuite hostname="sys" name="day19.CheckBoxes2" tests="1" failures="0" timestamp="12 Jun 2015 03:02:38 GMT" time="10.356" errors="0">
  <testcase name="checkBoxestest" time="10.356" classname="day19.CheckBoxes2"/>
</testsuite> <!-- day19.CheckBoxes2 -->
