<?xml version="1.0" encoding="UTF-8"?>
<!-- Generated by org.testng.reporters.JUnitReportReporter -->
<testsuite hostname="sys" name="day25.FileuploadRobot" tests="1" failures="0" timestamp="21 Jun 2015 05:50:45 GMT" time="23.334" errors="0">
  <testcase name="uploadTest" time="23.334" classname="day25.FileuploadRobot"/>
</testsuite> <!-- day25.FileuploadRobot -->
