<?xml version="1.0" encoding="UTF-8"?>
<!-- Generated by org.testng.reporters.JUnitReportReporter -->
<testsuite hostname="sys" name="day25.FileUploadAutoit" tests="1" failures="0" timestamp="21 Jun 2015 05:29:43 GMT" time="20.272" errors="0">
  <testcase name="uploadTest" time="20.272" classname="day25.FileUploadAutoit"/>
</testsuite> <!-- day25.FileUploadAutoit -->
