<?xml version="1.0" encoding="UTF-8"?>
<!-- Generated by org.testng.reporters.JUnitReportReporter -->
<testsuite hostname="sys" name="day9.Sample" tests="2" failures="0" timestamp="30 May 2015 03:39:23 GMT" time="0.016" errors="0">
  <testcase name="regTest" time="0.009" classname="day9.Sample"/>
  <testcase name="loginTest" time="0.007" classname="day9.Sample"/>
</testsuite> <!-- day9.Sample -->
