<?xml version="1.0" encoding="UTF-8"?>
<!-- Generated by org.testng.reporters.JUnitReportReporter -->
<testsuite hostname="sys" name="day17.WebtableDynamic" tests="1" failures="0" timestamp="10 Jun 2015 03:29:37 GMT" time="40.379" errors="0">
  <testcase name="webtableTest" time="40.379" classname="day17.WebtableDynamic"/>
</testsuite> <!-- day17.WebtableDynamic -->
