<?xml version="1.0" encoding="UTF-8"?>
<!-- Generated by org.testng.reporters.JUnitReportReporter -->
<testsuite hostname="sys" name="day22.GmailLoginUisngProperties" tests="1" failures="0" timestamp="17 Jun 2015 02:35:00 GMT" time="17.454" errors="0">
  <testcase name="loginTest" time="17.454" classname="day22.GmailLoginUisngProperties"/>
</testsuite> <!-- day22.GmailLoginUisngProperties -->
