<?xml version="1.0" encoding="UTF-8"?>
<!-- Generated by org.testng.reporters.JUnitReportReporter -->
<testsuite hostname="sys" name="day15.Explicitwait_Fluentwait" tests="1" failures="0" timestamp="8 Jun 2015 02:55:35 GMT" time="39.177" errors="0">
  <testcase name="waitTest" time="39.177" classname="day15.Explicitwait_Fluentwait"/>
</testsuite> <!-- day15.Explicitwait_Fluentwait -->
