<?xml version="1.0" encoding="UTF-8"?>
<!-- Generated by org.testng.reporters.JUnitReportReporter -->
<testsuite hostname="sys" name="day12.Xpaths" tests="1" failures="0" timestamp="3 Jun 2015 02:57:15 GMT" time="14.878" errors="0">
  <testcase name="xpathTest" time="14.878" classname="day12.Xpaths"/>
</testsuite> <!-- day12.Xpaths -->
