<?xml version="1.0" encoding="UTF-8"?>
<!-- Generated by org.testng.reporters.JUnitReportReporter -->
<testsuite hostname="sys" name="day26.DatadrivenTestingusingDB" tests="1" failures="0" timestamp="22 Jun 2015 03:18:45 GMT" time="27.521" errors="0">
  <testcase name="dbTest" time="27.521" classname="day26.DatadrivenTestingusingDB"/>
</testsuite> <!-- day26.DatadrivenTestingusingDB -->
