<?xml version="1.0" encoding="UTF-8"?>
<!-- Generated by org.testng.reporters.JUnitReportReporter -->
<testsuite hostname="sys" name="day17.WebtableTesting1" tests="1" failures="0" timestamp="10 Jun 2015 02:56:30 GMT" time="16.804" errors="0">
  <testcase name="webtableTest" time="16.804" classname="day17.WebtableTesting1"/>
</testsuite> <!-- day17.WebtableTesting1 -->
