<?xml version="1.0" encoding="UTF-8"?>
<!-- Generated by org.testng.reporters.JUnitReportReporter -->
<testsuite hostname="sys" name="day10.SliderBar" tests="1" failures="0" timestamp="1 Jun 2015 03:15:20 GMT" time="11.676" errors="0">
  <testcase name="slidertest" time="11.676" classname="day10.SliderBar"/>
</testsuite> <!-- day10.SliderBar -->
