<?xml version="1.0" encoding="UTF-8"?>
<!-- Generated by org.testng.reporters.JUnitReportReporter -->
<testsuite hostname="sys" name="day18.CalanderWebtable" tests="1" failures="0" timestamp="11 Jun 2015 03:05:26 GMT" time="32.630" errors="0">
  <testcase name="webtableTest" time="32.630" classname="day18.CalanderWebtable"/>
</testsuite> <!-- day18.CalanderWebtable -->
