<?xml version="1.0" encoding="UTF-8"?>
<!-- Generated by org.testng.reporters.JUnitReportReporter -->
<testsuite hostname="sys" name="day16.CookiesTesting" tests="1" failures="0" timestamp="9 Jun 2015 02:40:22 GMT" time="13.969" errors="0">
  <testcase name="cookiesTest" time="13.969" classname="day16.CookiesTesting"/>
</testsuite> <!-- day16.CookiesTesting -->
