<?xml version="1.0" encoding="UTF-8"?>
<!-- Generated by org.testng.reporters.JUnitReportReporter -->
<testsuite hostname="sys" name="day17.CaptchaAutomation" tests="1" failures="0" timestamp="10 Jun 2015 02:33:33 GMT" time="16.929" errors="0">
  <testcase name="captchaTest" time="16.929" classname="day17.CaptchaAutomation"/>
</testsuite> <!-- day17.CaptchaAutomation -->
