<?xml version="1.0" encoding="UTF-8"?>
<!-- Generated by org.testng.reporters.JUnitReportReporter -->
<testsuite hostname="sys" name="day20.ExcelDropdown" tests="1" failures="0" timestamp="13 Jun 2015 03:58:07 GMT" time="115.877" errors="0">
  <testcase name="dropdownExcelTest" time="115.877" classname="day20.ExcelDropdown"/>
</testsuite> <!-- day20.ExcelDropdown -->
