<?xml version="1.0" encoding="UTF-8"?>
<!-- Generated by org.testng.reporters.JUnitReportReporter -->
<testsuite hostname="sys" name="day10.MouseHover" tests="1" failures="0" timestamp="12 Jun 2015 03:19:27 GMT" time="12.460" errors="0">
  <testcase name="mouseHoverTest" time="12.460" classname="day10.MouseHover"/>
</testsuite> <!-- day10.MouseHover -->
