<?xml version="1.0" encoding="UTF-8"?>
<!-- Generated by org.testng.reporters.JUnitReportReporter -->
<testsuite hostname="sys" name="day20.DatadrivenTesting1" tests="1" failures="0" timestamp="13 Jun 2015 05:16:23 GMT" time="28.267" errors="0">
  <testcase name="datadrivenTest" time="28.267" classname="day20.DatadrivenTesting1"/>
</testsuite> <!-- day20.DatadrivenTesting1 -->
