<?xml version="1.0" encoding="UTF-8"?>
<!-- Generated by org.testng.reporters.JUnitReportReporter -->
<testsuite hostname="sys" name="day17.WebtableTesting2" tests="1" failures="0" timestamp="10 Jun 2015 03:14:57 GMT" time="66.042" errors="0">
  <testcase name="webtableTest" time="66.042" classname="day17.WebtableTesting2"/>
</testsuite> <!-- day17.WebtableTesting2 -->
