<?xml version="1.0" encoding="UTF-8"?>
<!-- Generated by org.testng.reporters.JUnitReportReporter -->
<testsuite hostname="sys" name="day15.ExcplicitWait_Webdriverwait" tests="1" failures="0" timestamp="8 Jun 2015 02:31:25 GMT" time="36.212" errors="0">
  <testcase name="waitTest" time="36.212" classname="day15.ExcplicitWait_Webdriverwait"/>
</testsuite> <!-- day15.ExcplicitWait_Webdriverwait -->
