<?xml version="1.0" encoding="UTF-8"?>
<!-- Generated by org.testng.reporters.JUnitReportReporter -->
<testsuite hostname="sys" name="day14.ImplicitWait" tests="1" failures="0" timestamp="6 Jun 2015 03:11:02 GMT" time="35.685" errors="0">
  <testcase name="waitTest" time="35.685" classname="day14.ImplicitWait"/>
</testsuite> <!-- day14.ImplicitWait -->
