<?xml version="1.0" encoding="UTF-8"?>
<!-- Generated by org.testng.reporters.JUnitReportReporter -->
<testsuite hostname="sys" name="day21.DatadrivenTesting2" tests="1" failures="0" timestamp="16 Jun 2015 02:53:21 GMT" time="43.569" errors="0">
  <testcase name="datadrivenTest" time="43.569" classname="day21.DatadrivenTesting2"/>
</testsuite> <!-- day21.DatadrivenTesting2 -->
