<?xml version="1.0" encoding="UTF-8"?>
<!-- Generated by org.testng.reporters.JUnitReportReporter -->
<testsuite hostname="sys" name="day25.FileDownloadRobot" tests="1" failures="0" timestamp="21 Jun 2015 05:38:46 GMT" time="16.285" errors="0">
  <testcase name="downloadTest" time="16.285" classname="day25.FileDownloadRobot"/>
</testsuite> <!-- day25.FileDownloadRobot -->
