<?xml version="1.0" encoding="UTF-8"?>
<!-- Generated by org.testng.reporters.JUnitReportReporter -->
<testsuite hostname="sys" name="day10.DragandDrop" tests="1" failures="0" timestamp="6 Jun 2015 02:53:32 GMT" time="12.412" errors="0">
  <testcase name="dragandDropTest" time="12.412" classname="day10.DragandDrop"/>
</testsuite> <!-- day10.DragandDrop -->
