<?xml version="1.0" encoding="UTF-8"?>
<!-- Generated by org.testng.reporters.JUnitReportReporter -->
<testsuite hostname="sys" name="day16.RadioButtonsTesting1" tests="1" failures="0" timestamp="9 Jun 2015 02:59:33 GMT" time="9.664" errors="0">
  <testcase name="radioButtonsTest" time="9.664" classname="day16.RadioButtonsTesting1"/>
</testsuite> <!-- day16.RadioButtonsTesting1 -->
