<?xml version="1.0" encoding="UTF-8"?>
<!-- Generated by org.testng.reporters.JUnitReportReporter -->
<testsuite hostname="sys" name="day19.JavaScriptExecutorMethods" tests="1" failures="0" timestamp="12 Jun 2015 03:22:46 GMT" time="20.902" errors="0">
  <testcase name="javascriptTest" time="20.902" classname="day19.JavaScriptExecutorMethods"/>
</testsuite> <!-- day19.JavaScriptExecutorMethods -->
